app/build/intermediates/manifest_merge_blame_file/release/manifest-merger-blame-release-report.txt
1<?xml version="1.0" encoding="utf-8"?>
2<manifest xmlns:android="http://schemas.android.com/apk/res/android"
3    package="com.example.mytestapp"
4    android:versionCode="1"
5    android:versionName="1.0" >
6
7    <uses-sdk
8        android:minSdkVersion="29"
9        android:targetSdkVersion="34" />
10
11    <uses-permission android:name="android.permission.INTERNET" />
11-->src\main\AndroidManifest.xml:5:5-67
11-->src\main\AndroidManifest.xml:5:22-64
12
13    <!-- Although the *SdkVersion is captured in gradle build files, this is required for non gradle builds -->
14    <!-- <uses-sdk android:minSdkVersion="14"/> -->
15    <uses-permission android:name="android.permission.ACCESS_NETWORK_STATE" />
15-->[com.google.firebase:firebase-database:20.3.0] AndroidManifest.xml:22:5-79
15-->[com.google.firebase:firebase-database:20.3.0] AndroidManifest.xml:22:22-76
16    <uses-permission android:name="android.permission.WAKE_LOCK" />
16-->[com.google.android.gms:play-services-measurement-api:21.5.0] AndroidManifest.xml:24:5-68
16-->[com.google.android.gms:play-services-measurement-api:21.5.0] AndroidManifest.xml:24:22-65
17    <uses-permission android:name="com.google.android.gms.permission.AD_ID" />
17-->[com.google.android.gms:play-services-measurement-api:21.5.0] AndroidManifest.xml:25:5-79
17-->[com.google.android.gms:play-services-measurement-api:21.5.0] AndroidManifest.xml:25:22-76
18    <uses-permission android:name="android.permission.ACCESS_ADSERVICES_ATTRIBUTION" />
18-->[com.google.android.gms:play-services-measurement-api:21.5.0] AndroidManifest.xml:26:5-88
18-->[com.google.android.gms:play-services-measurement-api:21.5.0] AndroidManifest.xml:26:22-85
19    <uses-permission android:name="android.permission.ACCESS_ADSERVICES_AD_ID" />
19-->[com.google.android.gms:play-services-measurement-api:21.5.0] AndroidManifest.xml:27:5-82
19-->[com.google.android.gms:play-services-measurement-api:21.5.0] AndroidManifest.xml:27:22-79
20    <uses-permission android:name="com.google.android.finsky.permission.BIND_GET_INSTALL_REFERRER_SERVICE" />
20-->[com.google.android.gms:play-services-measurement:21.5.0] AndroidManifest.xml:26:5-110
20-->[com.google.android.gms:play-services-measurement:21.5.0] AndroidManifest.xml:26:22-107
21
22    <permission
22-->[androidx.core:core:1.9.0] AndroidManifest.xml:22:5-24:47
23        android:name="com.example.mytestapp.DYNAMIC_RECEIVER_NOT_EXPORTED_PERMISSION"
23-->[androidx.core:core:1.9.0] AndroidManifest.xml:23:9-81
24        android:protectionLevel="signature" />
24-->[androidx.core:core:1.9.0] AndroidManifest.xml:24:9-44
25
26    <uses-permission android:name="com.example.mytestapp.DYNAMIC_RECEIVER_NOT_EXPORTED_PERMISSION" />
26-->[androidx.core:core:1.9.0] AndroidManifest.xml:26:5-97
26-->[androidx.core:core:1.9.0] AndroidManifest.xml:26:22-94
27
28    <application
28-->src\main\AndroidManifest.xml:7:5-34:19
29        android:allowBackup="true"
29-->src\main\AndroidManifest.xml:9:9-35
30        android:appComponentFactory="androidx.core.app.CoreComponentFactory"
30-->[androidx.core:core:1.9.0] AndroidManifest.xml:28:18-86
31        android:dataExtractionRules="@xml/data_extraction_rules"
31-->src\main\AndroidManifest.xml:10:9-65
32        android:extractNativeLibs="false"
33        android:fullBackupContent="@xml/backup_rules"
33-->src\main\AndroidManifest.xml:11:9-54
34        android:icon="@drawable/hdyp"
34-->src\main\AndroidManifest.xml:12:9-38
35        android:label="@string/app_name"
35-->src\main\AndroidManifest.xml:13:9-41
36        android:roundIcon="@drawable/hdyp"
36-->src\main\AndroidManifest.xml:14:9-43
37        android:supportsRtl="true"
37-->src\main\AndroidManifest.xml:15:9-35
38        android:theme="@style/Theme.Mytestapp"
38-->src\main\AndroidManifest.xml:16:9-47
39        android:usesCleartextTraffic="true" >
39-->src\main\AndroidManifest.xml:8:9-44
40
41        <!-- AndroidManifest.xml -->
42        <activity
42-->src\main\AndroidManifest.xml:19:9-22:20
43            android:name="com.example.mytestapp.MainActivity"
43-->src\main\AndroidManifest.xml:20:13-41
44            android:exported="true" >
44-->src\main\AndroidManifest.xml:21:13-36
45        </activity>
46        <activity
46-->src\main\AndroidManifest.xml:23:9-31:20
47            android:name="com.example.mytestapp.Splash_screenActivity"
47-->src\main\AndroidManifest.xml:24:13-50
48            android:exported="true"
48-->src\main\AndroidManifest.xml:25:13-36
49            android:theme="@style/SplashTheme" >
49-->src\main\AndroidManifest.xml:26:13-47
50            <intent-filter>
50-->src\main\AndroidManifest.xml:27:13-30:29
51                <action android:name="android.intent.action.MAIN" />
51-->src\main\AndroidManifest.xml:28:17-69
51-->src\main\AndroidManifest.xml:28:25-66
52
53                <category android:name="android.intent.category.LAUNCHER" />
53-->src\main\AndroidManifest.xml:29:17-77
53-->src\main\AndroidManifest.xml:29:27-74
54            </intent-filter>
55        </activity>
56        <activity android:name="com.example.mytestapp.Parking_Red" />
56-->src\main\AndroidManifest.xml:32:9-48
56-->src\main\AndroidManifest.xml:32:19-46
57        <activity android:name="com.example.mytestapp.CarNumActivity" />
57-->src\main\AndroidManifest.xml:33:9-51
57-->src\main\AndroidManifest.xml:33:19-49
58
59        <service
59-->[com.google.firebase:firebase-auth-ktx:22.3.0] AndroidManifest.xml:8:9-14:19
60            android:name="com.google.firebase.components.ComponentDiscoveryService"
60-->[com.google.firebase:firebase-auth-ktx:22.3.0] AndroidManifest.xml:9:13-84
61            android:directBootAware="true"
61-->[com.google.firebase:firebase-common:20.4.2] AndroidManifest.xml:32:13-43
62            android:exported="false" >
62-->[com.google.firebase:firebase-auth-ktx:22.3.0] AndroidManifest.xml:10:13-37
63            <meta-data
63-->[com.google.firebase:firebase-auth-ktx:22.3.0] AndroidManifest.xml:11:13-13:85
64                android:name="com.google.firebase.components:com.google.firebase.auth.ktx.FirebaseAuthLegacyRegistrar"
64-->[com.google.firebase:firebase-auth-ktx:22.3.0] AndroidManifest.xml:12:17-119
65                android:value="com.google.firebase.components.ComponentRegistrar" />
65-->[com.google.firebase:firebase-auth-ktx:22.3.0] AndroidManifest.xml:13:17-82
66            <meta-data
66-->[com.google.firebase:firebase-firestore-ktx:24.9.1] AndroidManifest.xml:12:13-14:85
67                android:name="com.google.firebase.components:com.google.firebase.firestore.ktx.FirebaseFirestoreLegacyRegistrar"
67-->[com.google.firebase:firebase-firestore-ktx:24.9.1] AndroidManifest.xml:13:17-129
68                android:value="com.google.firebase.components.ComponentRegistrar" />
68-->[com.google.firebase:firebase-firestore-ktx:24.9.1] AndroidManifest.xml:14:17-82
69            <meta-data
69-->[com.google.firebase:firebase-database:20.3.0] AndroidManifest.xml:29:13-31:85
70                android:name="com.google.firebase.components:com.google.firebase.database.FirebaseDatabaseKtxRegistrar"
70-->[com.google.firebase:firebase-database:20.3.0] AndroidManifest.xml:30:17-120
71                android:value="com.google.firebase.components.ComponentRegistrar" />
71-->[com.google.firebase:firebase-database:20.3.0] AndroidManifest.xml:31:17-82
72            <meta-data
72-->[com.google.firebase:firebase-database:20.3.0] AndroidManifest.xml:32:13-34:85
73                android:name="com.google.firebase.components:com.google.firebase.database.DatabaseRegistrar"
73-->[com.google.firebase:firebase-database:20.3.0] AndroidManifest.xml:33:17-109
74                android:value="com.google.firebase.components.ComponentRegistrar" />
74-->[com.google.firebase:firebase-database:20.3.0] AndroidManifest.xml:34:17-82
75            <meta-data
75-->[com.google.firebase:firebase-auth:22.3.0] AndroidManifest.xml:69:13-71:85
76                android:name="com.google.firebase.components:com.google.firebase.auth.FirebaseAuthRegistrar"
76-->[com.google.firebase:firebase-auth:22.3.0] AndroidManifest.xml:70:17-109
77                android:value="com.google.firebase.components.ComponentRegistrar" />
77-->[com.google.firebase:firebase-auth:22.3.0] AndroidManifest.xml:71:17-82
78            <meta-data
78-->[com.google.firebase:firebase-firestore:24.9.1] AndroidManifest.xml:17:13-19:85
79                android:name="com.google.firebase.components:com.google.firebase.firestore.FirebaseFirestoreKtxRegistrar"
79-->[com.google.firebase:firebase-firestore:24.9.1] AndroidManifest.xml:18:17-122
80                android:value="com.google.firebase.components.ComponentRegistrar" />
80-->[com.google.firebase:firebase-firestore:24.9.1] AndroidManifest.xml:19:17-82
81            <meta-data
81-->[com.google.firebase:firebase-firestore:24.9.1] AndroidManifest.xml:20:13-22:85
82                android:name="com.google.firebase.components:com.google.firebase.firestore.FirestoreRegistrar"
82-->[com.google.firebase:firebase-firestore:24.9.1] AndroidManifest.xml:21:17-111
83                android:value="com.google.firebase.components.ComponentRegistrar" />
83-->[com.google.firebase:firebase-firestore:24.9.1] AndroidManifest.xml:22:17-82
84            <meta-data
84-->[com.google.android.gms:play-services-measurement-api:21.5.0] AndroidManifest.xml:37:13-39:85
85                android:name="com.google.firebase.components:com.google.firebase.analytics.connector.internal.AnalyticsConnectorRegistrar"
85-->[com.google.android.gms:play-services-measurement-api:21.5.0] AndroidManifest.xml:38:17-139
86                android:value="com.google.firebase.components.ComponentRegistrar" />
86-->[com.google.android.gms:play-services-measurement-api:21.5.0] AndroidManifest.xml:39:17-82
87            <meta-data
87-->[com.google.firebase:firebase-installations:17.2.0] AndroidManifest.xml:15:13-17:85
88                android:name="com.google.firebase.components:com.google.firebase.installations.FirebaseInstallationsKtxRegistrar"
88-->[com.google.firebase:firebase-installations:17.2.0] AndroidManifest.xml:16:17-130
89                android:value="com.google.firebase.components.ComponentRegistrar" />
89-->[com.google.firebase:firebase-installations:17.2.0] AndroidManifest.xml:17:17-82
90            <meta-data
90-->[com.google.firebase:firebase-installations:17.2.0] AndroidManifest.xml:18:13-20:85
91                android:name="com.google.firebase.components:com.google.firebase.installations.FirebaseInstallationsRegistrar"
91-->[com.google.firebase:firebase-installations:17.2.0] AndroidManifest.xml:19:17-127
92                android:value="com.google.firebase.components.ComponentRegistrar" />
92-->[com.google.firebase:firebase-installations:17.2.0] AndroidManifest.xml:20:17-82
93            <meta-data
93-->[com.google.firebase:firebase-common-ktx:20.4.2] AndroidManifest.xml:12:13-14:85
94                android:name="com.google.firebase.components:com.google.firebase.ktx.FirebaseCommonLegacyRegistrar"
94-->[com.google.firebase:firebase-common-ktx:20.4.2] AndroidManifest.xml:13:17-116
95                android:value="com.google.firebase.components.ComponentRegistrar" />
95-->[com.google.firebase:firebase-common-ktx:20.4.2] AndroidManifest.xml:14:17-82
96            <meta-data
96-->[com.google.firebase:firebase-common:20.4.2] AndroidManifest.xml:35:13-37:85
97                android:name="com.google.firebase.components:com.google.firebase.FirebaseCommonKtxRegistrar"
97-->[com.google.firebase:firebase-common:20.4.2] AndroidManifest.xml:36:17-109
98                android:value="com.google.firebase.components.ComponentRegistrar" />
98-->[com.google.firebase:firebase-common:20.4.2] AndroidManifest.xml:37:17-82
99        </service>
100
101        <activity
101-->[com.google.firebase:firebase-auth:22.3.0] AndroidManifest.xml:29:9-46:20
102            android:name="com.google.firebase.auth.internal.GenericIdpActivity"
102-->[com.google.firebase:firebase-auth:22.3.0] AndroidManifest.xml:30:13-80
103            android:excludeFromRecents="true"
103-->[com.google.firebase:firebase-auth:22.3.0] AndroidManifest.xml:31:13-46
104            android:exported="true"
104-->[com.google.firebase:firebase-auth:22.3.0] AndroidManifest.xml:32:13-36
105            android:launchMode="singleTask"
105-->[com.google.firebase:firebase-auth:22.3.0] AndroidManifest.xml:33:13-44
106            android:theme="@android:style/Theme.Translucent.NoTitleBar" >
106-->[com.google.firebase:firebase-auth:22.3.0] AndroidManifest.xml:34:13-72
107            <intent-filter>
107-->[com.google.firebase:firebase-auth:22.3.0] AndroidManifest.xml:35:13-45:29
108                <action android:name="android.intent.action.VIEW" />
108-->[com.google.firebase:firebase-auth:22.3.0] AndroidManifest.xml:36:17-69
108-->[com.google.firebase:firebase-auth:22.3.0] AndroidManifest.xml:36:25-66
109
110                <category android:name="android.intent.category.DEFAULT" />
110-->[com.google.firebase:firebase-auth:22.3.0] AndroidManifest.xml:38:17-76
110-->[com.google.firebase:firebase-auth:22.3.0] AndroidManifest.xml:38:27-73
111                <category android:name="android.intent.category.BROWSABLE" />
111-->[com.google.firebase:firebase-auth:22.3.0] AndroidManifest.xml:39:17-78
111-->[com.google.firebase:firebase-auth:22.3.0] AndroidManifest.xml:39:27-75
112
113                <data
113-->[com.google.firebase:firebase-auth:22.3.0] AndroidManifest.xml:41:17-44:51
114                    android:host="firebase.auth"
114-->[com.google.firebase:firebase-auth:22.3.0] AndroidManifest.xml:42:21-49
115                    android:path="/"
115-->[com.google.firebase:firebase-auth:22.3.0] AndroidManifest.xml:43:21-37
116                    android:scheme="genericidp" />
116-->[com.google.firebase:firebase-auth:22.3.0] AndroidManifest.xml:44:21-48
117            </intent-filter>
118        </activity>
119        <activity
119-->[com.google.firebase:firebase-auth:22.3.0] AndroidManifest.xml:47:9-64:20
120            android:name="com.google.firebase.auth.internal.RecaptchaActivity"
120-->[com.google.firebase:firebase-auth:22.3.0] AndroidManifest.xml:48:13-79
121            android:excludeFromRecents="true"
121-->[com.google.firebase:firebase-auth:22.3.0] AndroidManifest.xml:49:13-46
122            android:exported="true"
122-->[com.google.firebase:firebase-auth:22.3.0] AndroidManifest.xml:50:13-36
123            android:launchMode="singleTask"
123-->[com.google.firebase:firebase-auth:22.3.0] AndroidManifest.xml:51:13-44
124            android:theme="@android:style/Theme.Translucent.NoTitleBar" >
124-->[com.google.firebase:firebase-auth:22.3.0] AndroidManifest.xml:52:13-72
125            <intent-filter>
125-->[com.google.firebase:firebase-auth:22.3.0] AndroidManifest.xml:53:13-63:29
126                <action android:name="android.intent.action.VIEW" />
126-->[com.google.firebase:firebase-auth:22.3.0] AndroidManifest.xml:36:17-69
126-->[com.google.firebase:firebase-auth:22.3.0] AndroidManifest.xml:36:25-66
127
128                <category android:name="android.intent.category.DEFAULT" />
128-->[com.google.firebase:firebase-auth:22.3.0] AndroidManifest.xml:38:17-76
128-->[com.google.firebase:firebase-auth:22.3.0] AndroidManifest.xml:38:27-73
129                <category android:name="android.intent.category.BROWSABLE" />
129-->[com.google.firebase:firebase-auth:22.3.0] AndroidManifest.xml:39:17-78
129-->[com.google.firebase:firebase-auth:22.3.0] AndroidManifest.xml:39:27-75
130
131                <data
131-->[com.google.firebase:firebase-auth:22.3.0] AndroidManifest.xml:41:17-44:51
132                    android:host="firebase.auth"
132-->[com.google.firebase:firebase-auth:22.3.0] AndroidManifest.xml:42:21-49
133                    android:path="/"
133-->[com.google.firebase:firebase-auth:22.3.0] AndroidManifest.xml:43:21-37
134                    android:scheme="recaptcha" />
134-->[com.google.firebase:firebase-auth:22.3.0] AndroidManifest.xml:44:21-48
135            </intent-filter>
136        </activity>
137
138        <property
138-->[com.google.android.gms:play-services-measurement-api:21.5.0] AndroidManifest.xml:30:9-32:61
139            android:name="android.adservices.AD_SERVICES_CONFIG"
139-->[com.google.android.gms:play-services-measurement-api:21.5.0] AndroidManifest.xml:31:13-65
140            android:resource="@xml/ga_ad_services_config" />
140-->[com.google.android.gms:play-services-measurement-api:21.5.0] AndroidManifest.xml:32:13-58
141
142        <provider
142-->[com.google.firebase:firebase-common:20.4.2] AndroidManifest.xml:23:9-28:39
143            android:name="com.google.firebase.provider.FirebaseInitProvider"
143-->[com.google.firebase:firebase-common:20.4.2] AndroidManifest.xml:24:13-77
144            android:authorities="com.example.mytestapp.firebaseinitprovider"
144-->[com.google.firebase:firebase-common:20.4.2] AndroidManifest.xml:25:13-72
145            android:directBootAware="true"
145-->[com.google.firebase:firebase-common:20.4.2] AndroidManifest.xml:26:13-43
146            android:exported="false"
146-->[com.google.firebase:firebase-common:20.4.2] AndroidManifest.xml:27:13-37
147            android:initOrder="100" />
147-->[com.google.firebase:firebase-common:20.4.2] AndroidManifest.xml:28:13-36
148
149        <activity
149-->[com.google.android.gms:play-services-base:18.1.0] AndroidManifest.xml:20:9-22:45
150            android:name="com.google.android.gms.common.api.GoogleApiActivity"
150-->[com.google.android.gms:play-services-base:18.1.0] AndroidManifest.xml:20:19-85
151            android:exported="false"
151-->[com.google.android.gms:play-services-base:18.1.0] AndroidManifest.xml:22:19-43
152            android:theme="@android:style/Theme.Translucent.NoTitleBar" />
152-->[com.google.android.gms:play-services-base:18.1.0] AndroidManifest.xml:21:19-78
153
154        <receiver
154-->[com.google.android.gms:play-services-measurement:21.5.0] AndroidManifest.xml:29:9-33:20
155            android:name="com.google.android.gms.measurement.AppMeasurementReceiver"
155-->[com.google.android.gms:play-services-measurement:21.5.0] AndroidManifest.xml:30:13-85
156            android:enabled="true"
156-->[com.google.android.gms:play-services-measurement:21.5.0] AndroidManifest.xml:31:13-35
157            android:exported="false" >
157-->[com.google.android.gms:play-services-measurement:21.5.0] AndroidManifest.xml:32:13-37
158        </receiver>
159
160        <service
160-->[com.google.android.gms:play-services-measurement:21.5.0] AndroidManifest.xml:35:9-38:40
161            android:name="com.google.android.gms.measurement.AppMeasurementService"
161-->[com.google.android.gms:play-services-measurement:21.5.0] AndroidManifest.xml:36:13-84
162            android:enabled="true"
162-->[com.google.android.gms:play-services-measurement:21.5.0] AndroidManifest.xml:37:13-35
163            android:exported="false" />
163-->[com.google.android.gms:play-services-measurement:21.5.0] AndroidManifest.xml:38:13-37
164        <service
164-->[com.google.android.gms:play-services-measurement:21.5.0] AndroidManifest.xml:39:9-43:72
165            android:name="com.google.android.gms.measurement.AppMeasurementJobService"
165-->[com.google.android.gms:play-services-measurement:21.5.0] AndroidManifest.xml:40:13-87
166            android:enabled="true"
166-->[com.google.android.gms:play-services-measurement:21.5.0] AndroidManifest.xml:41:13-35
167            android:exported="false"
167-->[com.google.android.gms:play-services-measurement:21.5.0] AndroidManifest.xml:42:13-37
168            android:permission="android.permission.BIND_JOB_SERVICE" />
168-->[com.google.android.gms:play-services-measurement:21.5.0] AndroidManifest.xml:43:13-69
169
170        <uses-library
170-->[androidx.privacysandbox.ads:ads-adservices:1.0.0-beta05] AndroidManifest.xml:23:9-25:40
171            android:name="android.ext.adservices"
171-->[androidx.privacysandbox.ads:ads-adservices:1.0.0-beta05] AndroidManifest.xml:24:13-50
172            android:required="false" />
172-->[androidx.privacysandbox.ads:ads-adservices:1.0.0-beta05] AndroidManifest.xml:25:13-37
173
174        <provider
174-->[androidx.emoji2:emoji2:1.2.0] AndroidManifest.xml:24:9-32:20
175            android:name="androidx.startup.InitializationProvider"
175-->[androidx.emoji2:emoji2:1.2.0] AndroidManifest.xml:25:13-67
176            android:authorities="com.example.mytestapp.androidx-startup"
176-->[androidx.emoji2:emoji2:1.2.0] AndroidManifest.xml:26:13-68
177            android:exported="false" >
177-->[androidx.emoji2:emoji2:1.2.0] AndroidManifest.xml:27:13-37
178            <meta-data
178-->[androidx.emoji2:emoji2:1.2.0] AndroidManifest.xml:29:13-31:52
179                android:name="androidx.emoji2.text.EmojiCompatInitializer"
179-->[androidx.emoji2:emoji2:1.2.0] AndroidManifest.xml:30:17-75
180                android:value="androidx.startup" />
180-->[androidx.emoji2:emoji2:1.2.0] AndroidManifest.xml:31:17-49
181            <meta-data
181-->[androidx.lifecycle:lifecycle-process:2.6.1] AndroidManifest.xml:29:13-31:52
182                android:name="androidx.lifecycle.ProcessLifecycleInitializer"
182-->[androidx.lifecycle:lifecycle-process:2.6.1] AndroidManifest.xml:30:17-78
183                android:value="androidx.startup" />
183-->[androidx.lifecycle:lifecycle-process:2.6.1] AndroidManifest.xml:31:17-49
184            <meta-data
184-->[androidx.profileinstaller:profileinstaller:1.3.0] AndroidManifest.xml:29:13-31:52
185                android:name="androidx.profileinstaller.ProfileInstallerInitializer"
185-->[androidx.profileinstaller:profileinstaller:1.3.0] AndroidManifest.xml:30:17-85
186                android:value="androidx.startup" />
186-->[androidx.profileinstaller:profileinstaller:1.3.0] AndroidManifest.xml:31:17-49
187        </provider>
188
189        <meta-data
189-->[com.google.android.gms:play-services-basement:18.1.0] AndroidManifest.xml:21:9-23:69
190            android:name="com.google.android.gms.version"
190-->[com.google.android.gms:play-services-basement:18.1.0] AndroidManifest.xml:22:13-58
191            android:value="@integer/google_play_services_version" />
191-->[com.google.android.gms:play-services-basement:18.1.0] AndroidManifest.xml:23:13-66
192
193        <receiver
193-->[androidx.profileinstaller:profileinstaller:1.3.0] AndroidManifest.xml:34:9-52:20
194            android:name="androidx.profileinstaller.ProfileInstallReceiver"
194-->[androidx.profileinstaller:profileinstaller:1.3.0] AndroidManifest.xml:35:13-76
195            android:directBootAware="false"
195-->[androidx.profileinstaller:profileinstaller:1.3.0] AndroidManifest.xml:36:13-44
196            android:enabled="true"
196-->[androidx.profileinstaller:profileinstaller:1.3.0] AndroidManifest.xml:37:13-35
197            android:exported="true"
197-->[androidx.profileinstaller:profileinstaller:1.3.0] AndroidManifest.xml:38:13-36
198            android:permission="android.permission.DUMP" >
198-->[androidx.profileinstaller:profileinstaller:1.3.0] AndroidManifest.xml:39:13-57
199            <intent-filter>
199-->[androidx.profileinstaller:profileinstaller:1.3.0] AndroidManifest.xml:40:13-42:29
200                <action android:name="androidx.profileinstaller.action.INSTALL_PROFILE" />
200-->[androidx.profileinstaller:profileinstaller:1.3.0] AndroidManifest.xml:41:17-91
200-->[androidx.profileinstaller:profileinstaller:1.3.0] AndroidManifest.xml:41:25-88
201            </intent-filter>
202            <intent-filter>
202-->[androidx.profileinstaller:profileinstaller:1.3.0] AndroidManifest.xml:43:13-45:29
203                <action android:name="androidx.profileinstaller.action.SKIP_FILE" />
203-->[androidx.profileinstaller:profileinstaller:1.3.0] AndroidManifest.xml:44:17-85
203-->[androidx.profileinstaller:profileinstaller:1.3.0] AndroidManifest.xml:44:25-82
204            </intent-filter>
205            <intent-filter>
205-->[androidx.profileinstaller:profileinstaller:1.3.0] AndroidManifest.xml:46:13-48:29
206                <action android:name="androidx.profileinstaller.action.SAVE_PROFILE" />
206-->[androidx.profileinstaller:profileinstaller:1.3.0] AndroidManifest.xml:47:17-88
206-->[androidx.profileinstaller:profileinstaller:1.3.0] AndroidManifest.xml:47:25-85
207            </intent-filter>
208            <intent-filter>
208-->[androidx.profileinstaller:profileinstaller:1.3.0] AndroidManifest.xml:49:13-51:29
209                <action android:name="androidx.profileinstaller.action.BENCHMARK_OPERATION" />
209-->[androidx.profileinstaller:profileinstaller:1.3.0] AndroidManifest.xml:50:17-95
209-->[androidx.profileinstaller:profileinstaller:1.3.0] AndroidManifest.xml:50:25-92
210            </intent-filter>
211        </receiver>
212    </application>
213
214</manifest>